===============================================================================================
Detecting current time is integral point: 2020-04-03 21:00:01: starting crawler...
===============================================================================================
============================================================================================
2020-04-03 21:00:01Starting a round!!!
============================================================================================
Thread5: 2020-04-03 21:02:40: Writing to file https://www.fleetmon.com/ports/longyan_cnlgy_16695/ ...
Thread11: 2020-04-03 21:02:52: Writing to file https://www.fleetmon.com/ports/yantai_cnytg_10380/ ...
Thread7: 2020-04-03 21:02:55: Writing to file https://www.fleetmon.com/ports/qingdao_cnqin_10374/ ...
Thread9: 2020-04-03 21:02:57: Writing to file https://www.fleetmon.com/ports/tianjin-xingang_cnxig_17244/ ...
Thread12: 2020-04-03 21:03:24: Writing to file https://www.fleetmon.com/ports/zhangjiagang_cnzjg_10338/ ...
Thread10: 2020-04-03 21:03:24: Writing to file https://www.fleetmon.com/ports/xiamen_cnxmn_10050/ ...
Thread4: 2020-04-03 21:04:07: Writing to file https://www.fleetmon.com/ports/jiangyin_cnjia_10326/ ...
Thread5: 2020-04-03 21:04:42: Writing to file https://www.fleetmon.com/ports/lianyungang_cnlyg_10368/ ...
Thread2: 2020-04-03 21:04:47: Writing to file https://www.fleetmon.com/ports/dalian_cndal_10419/ ...
Thread6: 2020-04-03 21:04:52: Writing to file https://www.fleetmon.com/ports/nantong_cnntg_10341/ ...
Thread11: 2020-04-03 21:04:52: Writing to file https://www.fleetmon.com/ports/yangshan_cnysn_19210/ ...
Thread7: 2020-04-03 21:04:56: Writing to file https://www.fleetmon.com/ports/qinhuangdao_cnshp_10398/ ...
Thread9: 2020-04-03 21:05:06: Writing to file https://www.fleetmon.com/ports/shipu_cnxsp_17142/ ...
Thread10: 2020-04-03 21:05:16: Writing to file https://www.fleetmon.com/ports/yangpu_cnygp_10008/ ...
Thread12: 2020-04-03 21:05:36: Writing to file https://www.fleetmon.com/ports/zhanjiang_cnzha_9993/ ...
Thread4: 2020-04-03 21:06:03: Writing to file https://www.fleetmon.com/ports/jingkou_cnzhe_10344/ ...
Thread8: 2020-04-03 21:06:09: Writing to file https://www.fleetmon.com/ports/shanghai_cnsha_10317/ ...
Thread1: 2020-04-03 21:06:30: Writing to file https://www.fleetmon.com/ports/hong-kong_hkhkg_10032/ ...
Thread2: 2020-04-03 21:06:38: Writing to file https://www.fleetmon.com/ports/dandong_cnddg_10413/ ...
Thread5: 2020-04-03 21:06:44: Writing to file https://www.fleetmon.com/ports/longkou-gang_cnlku_10386/ ...
Thread11: 2020-04-03 21:06:55: Writing to file https://www.fleetmon.com/ports/yantian_cnytn_10035/ ...
Thread9: 2020-04-03 21:06:55: Writing to file https://www.fleetmon.com/ports/taicang_cntag_10323/ ...
Thread7: 2020-04-03 21:06:58: Writing to file https://www.fleetmon.com/ports/rizhao_cnrzh_10371/ ...
Thread10: 2020-04-03 21:07:01: Writing to file https://www.fleetmon.com/ports/wuxue-port_cnwxp_17355/ ...
Thread3: 2020-04-03 21:07:05: Writing to file https://www.fleetmon.com/ports/dongying_cndgy_16170/ ...
Thread6: 2020-04-03 21:07:22: Writing to file https://www.fleetmon.com/ports/ningbo-zhoushan_cnzos_10305/ ...
Thread4: 2020-04-03 21:07:52: Writing to file https://www.fleetmon.com/ports/jingtang-tangshan_cnjtg_16569/ ...
Thread2: 2020-04-03 21:08:23: Writing to file https://www.fleetmon.com/ports/dongjiakou-qingdao_cndjk_19263/ ...
Thread8: 2020-04-03 21:08:41: Writing to file https://www.fleetmon.com/ports/shenzhen_cnszx_17118/ ...
Thread9: 2020-04-03 21:08:44: Writing to file https://www.fleetmon.com/ports/weihai_cnwei_10377/ ...
Thread5: 2020-04-03 21:08:45: Writing to file https://www.fleetmon.com/ports/lanshan_cnlsn_10365/ ...
Thread10: 2020-04-03 21:08:47: Writing to file https://www.fleetmon.com/ports/yangjiang_cnyji_17502/ ...
Thread7: 2020-04-03 21:08:56: Writing to file https://www.fleetmon.com/ports/qinzhou_cnqzh_10017/ ...
Thread11: 2020-04-03 21:08:58: Writing to file https://www.fleetmon.com/ports/yangzhou_cnyzh_10335/ ...
Thread3: 2020-04-03 21:09:19: Writing to file https://www.fleetmon.com/ports/guangzhou_cnggz_16308/ ...
Thread6: 2020-04-03 21:09:31: Writing to file https://www.fleetmon.com/ports/nansha_cnnsa_16839/ ...
Thread4: 2020-04-03 21:09:42: Writing to file https://www.fleetmon.com/ports/huangpu-guangzhou_cnhua_10023/ ...
Thread2: 2020-04-03 21:10:16: Writing to file https://www.fleetmon.com/ports/changzhou_cnczx_10329/ ...
Thread10: 2020-04-03 21:10:34: Writing to file https://www.fleetmon.com/ports/xiuyu-putian_cnxiu_10059/ ...
Thread1: 2020-04-03 21:10:38: Writing to file https://www.fleetmon.com/ports/caofeidian-tangshan_cncfd_15960/ ...
Thread8: 2020-04-03 21:10:38: Writing to file https://www.fleetmon.com/ports/shidao_cnshd_17127/ ...
Thread7: 2020-04-03 21:10:44: Writing to file https://www.fleetmon.com/ports/rudong_cnrdo_19284/ ...
Thread5: 2020-04-03 21:10:44: Writing to file https://www.fleetmon.com/ports/jinzhou_cnjnz_16587/ ...
Thread11: 2020-04-03 21:10:48: Writing to file https://www.fleetmon.com/ports/yingjiang_cnygj_15864/ ...
Thread6: 2020-04-03 21:11:25: Writing to file https://www.fleetmon.com/ports/luojingtan_cnljt_16731/ ...
Thread4: 2020-04-03 21:11:31: Writing to file https://www.fleetmon.com/ports/haikou_cnhak_9987/ ...
Thread2: 2020-04-03 21:12:02: Writing to file https://www.fleetmon.com/ports/chung-ching_xxxxx_10362/ ...
Thread10: 2020-04-03 21:12:23: Writing to file https://www.fleetmon.com/ports/wuhan_cnnhn_17334/ ...
Thread5: 2020-04-03 21:12:28: Writing to file https://www.fleetmon.com/ports/luanjiakou_cnljk_19729/ ...
Thread7: 2020-04-03 21:12:33: Writing to file https://www.fleetmon.com/ports/quanzhou_cnqzj_10056/ ...
Thread9: 2020-04-03 21:12:34: Writing to file https://www.fleetmon.com/ports/tieshan_cnbht_19628/ ...
Thread11: 2020-04-03 21:12:34: Writing to file https://www.fleetmon.com/ports/yizheng_cnyiz_17559/ ...
Thread8: 2020-04-03 21:12:36: Writing to file https://www.fleetmon.com/ports/shanwei_cnswe_19206/ ...
Thread1: 2020-04-03 21:12:37: Writing to file https://www.fleetmon.com/ports/bayuquan_cnbay_10410/ ...
Thread4: 2020-04-03 21:13:17: Writing to file https://www.fleetmon.com/ports/jimiya_cnjim_16560/ ...
Thread3: 2020-04-03 21:13:22: Writing to file https://www.fleetmon.com/ports/fang-cheng_cnfan_9981/ ...
Thread6: 2020-04-03 21:13:26: Writing to file https://www.fleetmon.com/ports/nanjing_cnnji_10347/ ...
Thread2: 2020-04-03 21:13:47: Writing to file https://www.fleetmon.com/ports/dadukou_cnddk_16053/ ...
Thread9: 2020-04-03 21:14:21: Writing to file https://www.fleetmon.com/ports/wenzhou_cnwnz_10299/ ...
Thread8: 2020-04-03 21:14:22: Writing to file https://www.fleetmon.com/ports/sanya_cnsya_19695/ ...
Thread1: 2020-04-03 21:14:34: Writing to file https://www.fleetmon.com/ports/beihai_cnbhy_9984/ ...
Thread3: 2020-04-03 21:15:07: Writing to file https://www.fleetmon.com/ports/gaogang_cngao_10332/ ...
Thread6: 2020-04-03 21:15:13: Writing to file https://www.fleetmon.com/ports/penglai_cnpla_10383/ ...
Thread8: 2020-04-03 21:16:08: Writing to file https://www.fleetmon.com/ports/shanhaiguan_cnshh_18354/ ...
Thread1: 2020-04-03 21:16:28: Writing to file https://www.fleetmon.com/ports/changshu_cncgu_10320/ ...
Thread3: 2020-04-03 21:16:53: Writing to file https://www.fleetmon.com/ports/dongshan_cndsn_10047/ ...
Thread1: 2020-04-03 21:18:14: Writing to file https://www.fleetmon.com/ports/changxing-dao_cncxd_19598/ ...
Thread3: 2020-04-03 21:18:40: Writing to file https://www.fleetmon.com/ports/haian_cnhaa_19288/ ...
